<?xml version="1.0" encoding="UTF-8"?>
<!-- Generated by org.testng.reporters.JUnitXMLReporter -->
<testsuite ignored="0" hostname="DESKTOP-M9AORU3" failures="0" tests="7" name="Regression" time="56.21" errors="0" timestamp="2023-05-08T23:25:20 IST">
  <testcase classname="com.ecom.testcases.HomePageTest" name="testRun" time="0.026"/>
  <testcase classname="com.ecom.testcases.SignInPageTest" name="verifyContinueButtonIsEnabled" time="0.114"/>
  <testcase classname="com.ecom.testcases.SignInPageTest" name="verifyEmailTextBoxIsEnabled" time="0.11"/>
  <testcase classname="com.ecom.testcases.WelcomePageTest" name="verifyTitle" time="0.333"/>
  <testcase classname="com.ecom.testcases.WelcomePageTest" name="verifySignInButton" time="0.201"/>
  <testcase classname="com.ecom.testcases.WelcomePageTest" name="verifySignInClick" time="2.575"/>
  <testcase classname="com.ecom.testcases.WelcomePageTest" name="verifySignInFunctionality" time="2.234"/>
</testsuite> <!-- Regression -->
