<?xml version="1.0" encoding="UTF-8"?>
<!-- Generated by org.testng.reporters.JUnitXMLReporter -->
<testsuite ignored="0" hostname="DESKTOP-M9AORU3" failures="0" tests="2" name="Regression1" time="49.69" errors="0" timestamp="2023-05-12T22:59:34 IST">
  <testcase classname="com.ecom.testcases.test.SignInPageTest" name="verifyContinueButtonIsEnabled" time="9.112"/>
  <testcase classname="com.ecom.testcases.test.SignInPageTest" name="verifyEmailTextBoxIsEnabled" time="6.237"/>
</testsuite> <!-- Regression1 -->
