<?xml version="1.0" encoding="UTF-8"?>
<!-- Generated by org.testng.reporters.JUnitXMLReporter -->
<testsuite ignored="0" hostname="DESKTOP-M9AORU3" failures="0" tests="4" name="Regression" time="53.92" errors="0" timestamp="2023-05-12T22:58:44 IST">
  <testcase classname="com.ecom.testcases.test.WelcomePageTest" name="verifyTitle" time="23.896"/>
  <testcase classname="com.ecom.testcases.test.WelcomePageTest" name="verifySignInButton" time="5.252"/>
  <testcase classname="com.ecom.testcases.test.WelcomePageTest" name="verifySignInClick" time="6.634"/>
  <testcase classname="com.ecom.testcases.test.WelcomePageTest" name="verifySignInFunctionality" time="8.515"/>
</testsuite> <!-- Regression -->
