<?xml version="1.0" encoding="UTF-8"?>
<!-- Generated by org.testng.reporters.JUnitXMLReporter -->
<testsuite ignored="0" hostname="DESKTOP-M9AORU3" failures="0" tests="4" name="Regression" time="35.268" errors="0" timestamp="2023-05-11T15:30:20 IST">
  <testcase classname="com.ecom.testcases.WelcomePageTest" name="verifyTitle" time="0.29"/>
  <testcase classname="com.ecom.testcases.WelcomePageTest" name="verifySignInButton" time="0.222"/>
  <testcase classname="com.ecom.testcases.WelcomePageTest" name="verifySignInClick" time="2.663"/>
  <testcase classname="com.ecom.testcases.WelcomePageTest" name="verifySignInFunctionality" time="3.605"/>
</testsuite> <!-- Regression -->
