<?xml version="1.0" encoding="UTF-8"?>
<!-- Generated by org.testng.reporters.JUnitXMLReporter -->
<testsuite ignored="0" hostname="DESKTOP-M9AORU3" failures="0" tests="2" name="Regression1" time="55.638" errors="0" timestamp="2023-05-11T15:31:16 IST">
  <testcase classname="com.ecom.testcases.SignInPageTest" name="verifyContinueButtonIsEnabled" time="1.243"/>
  <testcase classname="com.ecom.testcases.SignInPageTest" name="verifyEmailTextBoxIsEnabled" time="0.231"/>
</testsuite> <!-- Regression1 -->
