<?xml version="1.0" encoding="UTF-8"?>
<testsuite xmlns:xsi="http://www.w3.org/2001/XMLSchema-instance" xsi:noNamespaceSchemaLocation="https://maven.apache.org/surefire/maven-surefire-plugin/xsd/surefire-test-report-3.0.xsd" version="3.0" name="TestSuite" time="41.366" tests="2" errors="0" skipped="0" failures="0">
  <properties>
[...]
</properties>
  <testcase name="verifyTitle" classname="com.ecom.testcases.WelcomePageTest" time="0.261">
    <system-out><![CDATA[The thread ID for setup is 19
The thread ID for verifySignInButton is 20
The thread ID for verifyTitle is 19
]]></system-out>
    <system-err><![CDATA[SLF4J: Failed to load class "org.slf4j.impl.StaticLoggerBinder".
SLF4J: Defaulting to no-operation (NOP) logger implementation
SLF4J: See http://www.slf4j.org/codes.html#StaticLoggerBinder for further details.
1688201457100	geckodriver	INFO	Listening on 127.0.0.1:6665
1688201458205	mozrunner::runner	INFO	Running command: "C:\\Program Files\\Mozilla Firefox\\firefox.exe" "--marionette" "--remote-debugging-port" "11096" "--remote ... .0.0.1:11096/,http://localhost:11096/,http://[::1]:11096/" "-no-remote" "-profile" "C:\\WINDOWS\\TEMP\\rust_mozprofileCb7tQU"
console.warn: services.settings: Ignoring preference override of remote settings server
console.warn: services.settings: Allow by setting MOZ_REMOTE_SETTINGS_DEVTOOLS=1 in the environment
1688201462036	Marionette	INFO	Marionette enabled
Dynamically enable window occlusion 0
1688201462050	Marionette	INFO	Listening on port 52044
Read port: 52044
WebDriver BiDi listening on ws://127.0.0.1:11096
1688201465641	RemoteAgent	WARN	TLS certificate errors will be ignored for this session
[GFX1-]: Fallback WR to SW-WR + D3D11
[GFX1-]: Failed to initialize GPU process
[GFX1-]: [D3D11] failed to get compositor device.
[GFX1-]: Failed to initialize CompositorD3D11 for SWGL: FEATURE_FAILURE_D3D11_NO_DEVICE
[GFX1-]: RenderCompositorSWGL failed mapping default framebuffer, no dt
DevTools listening on ws://127.0.0.1:11096/devtools/browser/e74a4505-af6e-4c25-8ec7-85011532ff9a
[GFX1-]: Could not get a DXGI adapter
log4j:ERROR Parsing error on line 2 and column 83
log4j:ERROR Document root element "log4j:configuration", must match DOCTYPE root "null".
log4j:ERROR Parsing error on line 2 and column 83
log4j:ERROR Document is invalid: no grammar found.
JavaScript warning: https://www.amazon.in/ line 7 > injectedScript, line 1: WEBGL_debug_renderer_info is deprecated in Firefox and will be removed. Please use RENDERER.
]]></system-err>
  </testcase>
  <testcase name="verifySignInButton" classname="com.ecom.testcases.WelcomePageTest" time="0.264"/>
</testsuite>