<?xml version="1.0" encoding="UTF-8"?>
<testng-results ignored="0" total="6" passed="6" failed="0" skipped="0">
  <reporter-output>
    <line>
      <![CDATA[TC_001 The title is Online Shopping site in India: Shop Online for Mobiles, Books, Watches, Shoes and More - Amazon.in]]>
    </line>
    <line>
      <![CDATA[TC_002 Verify signIn button is selected true]]>
    </line>
    <line>
      <![CDATA[Verify the sign In page title Amazon Sign In]]>
    </line>
    <line>
      <![CDATA[Email textbox is enabled true]]>
    </line>
  </reporter-output>
  <suite started-at="2023-05-12T22:57:50 IST" name="Suite_Parallel" finished-at="2023-05-12T22:59:34 IST" duration-ms="103651">
    <groups>
      <group name="unitTesting">
        <method signature="WelcomePageTest.verifySignInButton()[pri:2, instance:com.ecom.testcases.test.WelcomePageTest@7bab3f1a]" name="verifySignInButton" class="com.ecom.testcases.test.WelcomePageTest"/>
        <method signature="WelcomePageTest.verifyTitle()[pri:1, instance:com.ecom.testcases.test.WelcomePageTest@7bab3f1a]" name="verifyTitle" class="com.ecom.testcases.test.WelcomePageTest"/>
        <method signature="SignInPageTest.verifyEmailTextBoxIsEnabled()[pri:0, instance:com.ecom.testcases.test.SignInPageTest@18df8434]" name="verifyEmailTextBoxIsEnabled" class="com.ecom.testcases.test.SignInPageTest"/>
      </group> <!-- unitTesting -->
    </groups>
    <test started-at="2023-05-12T22:57:50 IST" name="Regression" finished-at="2023-05-12T22:58:44 IST" duration-ms="53920">
      <class name="com.ecom.testcases.test.WelcomePageTest">
        <test-method is-config="true" signature="initialization()[pri:0, instance:com.ecom.testcases.test.WelcomePageTest@7bab3f1a]" started-at="2023-05-12T22:57:50 IST" name="initialization" finished-at="2023-05-12T22:57:59 IST" duration-ms="8191" status="PASS">
          <reporter-output>
          </reporter-output>
        </test-method> <!-- initialization -->
        <test-method is-config="true" signature="setup()[pri:0, instance:com.ecom.testcases.test.WelcomePageTest@7bab3f1a]" started-at="2023-05-12T22:57:59 IST" name="setup" finished-at="2023-05-12T22:57:59 IST" duration-ms="203" status="PASS">
          <reporter-output>
          </reporter-output>
        </test-method> <!-- setup -->
        <test-method signature="verifyTitle()[pri:1, instance:com.ecom.testcases.test.WelcomePageTest@7bab3f1a]" started-at="2023-05-12T22:57:59 IST" name="verifyTitle" finished-at="2023-05-12T22:58:23 IST" duration-ms="23896" status="PASS">
          <reporter-output>
            <line>
              <![CDATA[TC_001 The title is Online Shopping site in India: Shop Online for Mobiles, Books, Watches, Shoes and More - Amazon.in]]>
            </line>
          </reporter-output>
        </test-method> <!-- verifyTitle -->
        <test-method signature="verifySignInButton()[pri:2, instance:com.ecom.testcases.test.WelcomePageTest@7bab3f1a]" started-at="2023-05-12T22:58:23 IST" name="verifySignInButton" finished-at="2023-05-12T22:58:28 IST" duration-ms="5252" status="PASS">
          <reporter-output>
            <line>
              <![CDATA[TC_002 Verify signIn button is selected true]]>
            </line>
          </reporter-output>
        </test-method> <!-- verifySignInButton -->
        <test-method signature="verifySignInClick()[pri:3, instance:com.ecom.testcases.test.WelcomePageTest@7bab3f1a]" started-at="2023-05-12T22:58:28 IST" name="verifySignInClick" finished-at="2023-05-12T22:58:35 IST" duration-ms="6634" status="PASS">
          <reporter-output>
            <line>
              <![CDATA[Verify the sign In page title Amazon Sign In]]>
            </line>
          </reporter-output>
        </test-method> <!-- verifySignInClick -->
        <test-method signature="verifySignInFunctionality()[pri:4, instance:com.ecom.testcases.test.WelcomePageTest@7bab3f1a]" started-at="2023-05-12T22:58:35 IST" name="verifySignInFunctionality" finished-at="2023-05-12T22:58:43 IST" depends-on-methods="com.ecom.testcases.test.WelcomePageTest.verifySignInClick" duration-ms="8515" status="PASS">
          <reporter-output>
          </reporter-output>
        </test-method> <!-- verifySignInFunctionality -->
        <test-method is-config="true" signature="tearDown()[pri:0, instance:com.ecom.testcases.test.WelcomePageTest@7bab3f1a]" started-at="2023-05-12T22:58:43 IST" name="tearDown" finished-at="2023-05-12T22:58:44 IST" duration-ms="1105" status="PASS">
          <reporter-output>
          </reporter-output>
        </test-method> <!-- tearDown -->
      </class> <!-- com.ecom.testcases.test.WelcomePageTest -->
    </test> <!-- Regression -->
    <test started-at="2023-05-12T22:58:44 IST" name="Regression1" finished-at="2023-05-12T22:59:34 IST" duration-ms="49690">
      <class name="com.ecom.testcases.test.SignInPageTest">
        <test-method is-config="true" signature="initialization()[pri:0, instance:com.ecom.testcases.test.SignInPageTest@18df8434]" started-at="2023-05-12T22:58:44 IST" name="initialization" finished-at="2023-05-12T22:58:47 IST" duration-ms="3188" status="PASS">
          <reporter-output>
          </reporter-output>
        </test-method> <!-- initialization -->
        <test-method is-config="true" signature="setup()[pri:0, instance:com.ecom.testcases.test.SignInPageTest@18df8434]" started-at="2023-05-12T22:58:47 IST" name="setup" finished-at="2023-05-12T22:58:48 IST" duration-ms="27" status="PASS">
          <reporter-output>
          </reporter-output>
        </test-method> <!-- setup -->
        <test-method is-config="true" signature="goToSignInScreen()[pri:0, instance:com.ecom.testcases.test.SignInPageTest@18df8434]" started-at="2023-05-12T22:58:48 IST" name="goToSignInScreen" finished-at="2023-05-12T22:59:06 IST" duration-ms="18188" status="PASS">
          <reporter-output>
          </reporter-output>
        </test-method> <!-- goToSignInScreen -->
        <test-method signature="verifyContinueButtonIsEnabled()[pri:0, instance:com.ecom.testcases.test.SignInPageTest@18df8434]" started-at="2023-05-12T22:59:06 IST" name="verifyContinueButtonIsEnabled" finished-at="2023-05-12T22:59:15 IST" duration-ms="9112" status="PASS">
          <reporter-output>
          </reporter-output>
        </test-method> <!-- verifyContinueButtonIsEnabled -->
        <test-method is-config="true" signature="goToWelcomeScreen()[pri:0, instance:com.ecom.testcases.test.SignInPageTest@18df8434]" started-at="2023-05-12T22:59:15 IST" name="goToWelcomeScreen" finished-at="2023-05-12T22:59:18 IST" duration-ms="3433" status="PASS">
          <reporter-output>
          </reporter-output>
        </test-method> <!-- goToWelcomeScreen -->
        <test-method is-config="true" signature="goToSignInScreen()[pri:0, instance:com.ecom.testcases.test.SignInPageTest@18df8434]" started-at="2023-05-12T22:59:18 IST" name="goToSignInScreen" finished-at="2023-05-12T22:59:25 IST" duration-ms="6553" status="PASS">
          <reporter-output>
          </reporter-output>
        </test-method> <!-- goToSignInScreen -->
        <test-method signature="verifyEmailTextBoxIsEnabled()[pri:0, instance:com.ecom.testcases.test.SignInPageTest@18df8434]" started-at="2023-05-12T22:59:25 IST" name="verifyEmailTextBoxIsEnabled" finished-at="2023-05-12T22:59:31 IST" duration-ms="6237" status="PASS">
          <reporter-output>
            <line>
              <![CDATA[Email textbox is enabled true]]>
            </line>
          </reporter-output>
        </test-method> <!-- verifyEmailTextBoxIsEnabled -->
        <test-method is-config="true" signature="goToWelcomeScreen()[pri:0, instance:com.ecom.testcases.test.SignInPageTest@18df8434]" started-at="2023-05-12T22:59:31 IST" name="goToWelcomeScreen" finished-at="2023-05-12T22:59:33 IST" duration-ms="1773" status="PASS">
          <reporter-output>
          </reporter-output>
        </test-method> <!-- goToWelcomeScreen -->
        <test-method is-config="true" signature="tearDown()[pri:0, instance:com.ecom.testcases.test.SignInPageTest@18df8434]" started-at="2023-05-12T22:59:33 IST" name="tearDown" finished-at="2023-05-12T22:59:34 IST" duration-ms="1161" status="PASS">
          <reporter-output>
          </reporter-output>
        </test-method> <!-- tearDown -->
      </class> <!-- com.ecom.testcases.test.SignInPageTest -->
    </test> <!-- Regression1 -->
  </suite> <!-- Suite_Parallel -->
</testng-results>
