<?xml version="1.0" encoding="UTF-8"?>
<!-- Generated by org.testng.reporters.JUnitXMLReporter -->
<testsuite ignored="2" hostname="DESKTOP-M9AORU3" failures="0" tests="2" name="Regression" time="32.586" errors="0" timestamp="2023-07-01T14:21:23 IST">
  <testcase classname="com.ecom.testcases.WelcomePageTest" name="verifyTitle" time="0.258"/>
  <testcase classname="com.ecom.testcases.WelcomePageTest" name="verifySignInButton" time="3.078"/>
  <testcase classname="com.ecom.testcases.WelcomePageTest" name="verifySignInFunctionality" time="0.0">
    <ignored/>
  </testcase> <!-- verifySignInFunctionality -->
  <testcase classname="com.ecom.testcases.WelcomePageTest" name="verifySignInClick" time="0.0">
    <ignored/>
  </testcase> <!-- verifySignInClick -->
</testsuite> <!-- Regression -->
